TN:
SF:src/castArray.js
FN:33,castArray
FNF:1
FNH:1
FNDA:7,castArray
DA:1,1
DA:2,1
DA:3,1
DA:4,1
DA:5,1
DA:6,1
DA:7,1
DA:8,1
DA:9,1
DA:10,1
DA:11,1
DA:12,1
DA:13,1
DA:14,1
DA:15,1
DA:16,1
DA:17,1
DA:18,1
DA:19,1
DA:20,1
DA:21,1
DA:22,1
DA:23,1
DA:24,1
DA:25,1
DA:26,1
DA:27,1
DA:28,1
DA:29,1
DA:30,1
DA:31,1
DA:32,1
DA:33,7
DA:34,7
DA:35,7
DA:36,7
DA:37,1
DA:38,1
LF:38
LH:38
BRDA:2,0,0,1
BRDA:33,1,0,7
BRDA:35,2,0,1
BRDA:35,3,0,6
BRF:4
BRH:4
end_of_record
TN:
SF:src/clamp.js
FN:18,clamp
FNF:1
FNH:1
FNDA:6,clamp
DA:1,1
DA:2,1
DA:3,1
DA:4,1
DA:5,1
DA:6,1
DA:7,1
DA:8,1
DA:9,1
DA:10,1
DA:11,1
DA:12,1
DA:13,1
DA:14,1
DA:15,1
DA:16,1
DA:17,1
DA:18,6
DA:19,6
DA:20,6
DA:21,6
DA:22,6
DA:23,6
DA:24,6
DA:25,4
DA:26,4
DA:27,4
DA:28,6
DA:29,6
DA:30,1
DA:31,1
LF:31
LH:31
BRDA:1,0,0,1
BRDA:18,1,0,6
BRDA:22,2,0,0
BRDA:23,3,0,0
BRDA:24,4,0,4
BRDA:25,5,0,1
BRDA:25,6,0,3
BRDA:26,7,0,0
BRF:8
BRH:5
end_of_record
TN:
SF:src/compact.js
FN:14,compact
FNF:1
FNH:1
FNDA:5,compact
DA:1,1
DA:2,1
DA:3,1
DA:4,1
DA:5,1
DA:6,1
DA:7,1
DA:8,1
DA:9,1
DA:10,1
DA:11,1
DA:12,1
DA:13,1
DA:14,5
DA:15,5
DA:16,5
DA:17,5
DA:18,5
DA:19,25
DA:20,10
DA:21,10
DA:22,25
DA:23,5
DA:24,5
DA:25,1
DA:26,1
LF:26
LH:26
BRDA:1,0,0,1
BRDA:14,1,0,5
BRDA:18,2,0,25
BRDA:19,3,0,10
BRF:4
BRH:4
end_of_record
TN:
SF:src/endsWith.js
FN:23,endsWith
FNF:1
FNH:1
FNDA:7,endsWith
DA:1,1
DA:2,1
DA:3,1
DA:4,1
DA:5,1
DA:6,1
DA:7,1
DA:8,1
DA:9,1
DA:10,1
DA:11,1
DA:12,1
DA:13,1
DA:14,1
DA:15,1
DA:16,1
DA:17,1
DA:18,1
DA:19,1
DA:20,1
DA:21,1
DA:22,1
DA:23,7
DA:24,7
DA:25,7
DA:26,7
DA:27,2
DA:28,2
DA:29,5
DA:30,1
DA:31,1
DA:32,7
DA:33,7
DA:34,7
DA:35,7
DA:36,1
DA:37,1
LF:37
LH:37
BRDA:1,0,0,1
BRDA:23,1,0,7
BRDA:25,2,0,3
BRDA:25,3,0,4
BRDA:26,4,0,6
BRDA:26,5,0,2
BRDA:29,6,0,5
BRDA:29,7,0,1
BRDA:34,8,0,5
BRF:9
BRH:9
end_of_record
TN:
SF:src/every.js
FN:22,every
FNF:1
FNH:1
FNDA:6,every
DA:1,1
DA:2,1
DA:3,1
DA:4,1
DA:5,1
DA:6,1
DA:7,1
DA:8,1
DA:9,1
DA:10,1
DA:11,1
DA:12,1
DA:13,1
DA:14,1
DA:15,1
DA:16,1
DA:17,1
DA:18,1
DA:19,1
DA:20,1
DA:21,1
DA:22,6
DA:23,6
DA:24,6
DA:25,6
DA:26,6
DA:27,12
DA:28,2
DA:29,2
DA:30,12
DA:31,4
DA:32,6
DA:33,1
DA:34,1
LF:34
LH:34
BRDA:1,0,0,1
BRDA:22,1,0,6
BRDA:24,2,0,0
BRDA:26,3,0,12
BRDA:27,4,0,2
BRDA:31,5,0,4
BRF:6
BRH:5
end_of_record
TN:
SF:src/filter.js
FN:24,filter
FNF:1
FNH:1
FNDA:5,filter
DA:1,1
DA:2,1
DA:3,1
DA:4,1
DA:5,1
DA:6,1
DA:7,1
DA:8,1
DA:9,1
DA:10,1
DA:11,1
DA:12,1
DA:13,1
DA:14,1
DA:15,1
DA:16,1
DA:17,1
DA:18,1
DA:19,1
DA:20,1
DA:21,1
DA:22,1
DA:23,1
DA:24,5
DA:25,5
DA:26,5
DA:27,5
DA:28,5
DA:29,5
DA:30,5
DA:31,13
DA:32,13
DA:33,5
DA:34,5
DA:35,13
DA:36,5
DA:37,5
DA:38,1
DA:39,1
LF:39
LH:39
BRDA:1,0,0,1
BRDA:24,1,0,5
BRDA:27,2,0,0
BRDA:30,3,0,13
BRDA:32,4,0,5
BRF:5
BRH:4
end_of_record
TN:
SF:src/isObject.js
FN:24,isObject
FNF:1
FNH:1
FNDA:8,isObject
DA:1,1
DA:2,1
DA:3,1
DA:4,1
DA:5,1
DA:6,1
DA:7,1
DA:8,1
DA:9,1
DA:10,1
DA:11,1
DA:12,1
DA:13,1
DA:14,1
DA:15,1
DA:16,1
DA:17,1
DA:18,1
DA:19,1
DA:20,1
DA:21,1
DA:22,1
DA:23,1
DA:24,8
DA:25,8
DA:26,8
DA:27,8
DA:28,1
DA:29,1
LF:29
LH:29
BRDA:1,0,0,1
BRDA:24,1,0,8
BRDA:26,2,0,7
BRDA:26,3,0,3
BRF:4
BRH:4
end_of_record
TN:
SF:src/map.js
FN:19,map
FNF:1
FNH:1
FNDA:5,map
DA:1,1
DA:2,1
DA:3,1
DA:4,1
DA:5,1
DA:6,1
DA:7,1
DA:8,1
DA:9,1
DA:10,1
DA:11,1
DA:12,1
DA:13,1
DA:14,1
DA:15,1
DA:16,1
DA:17,1
DA:18,1
DA:19,5
DA:20,5
DA:21,5
DA:22,5
DA:23,5
DA:24,5
DA:25,12
DA:26,12
DA:27,5
DA:28,5
DA:29,1
DA:30,1
LF:30
LH:30
BRDA:1,0,0,1
BRDA:19,1,0,5
BRDA:21,2,0,0
BRDA:24,3,0,12
BRF:4
BRH:3
end_of_record
TN:
SF:src/memoize.js
FN:43,memoize
FN:47,memoized
FNF:2
FNH:2
FNDA:4,memoize
FNDA:8,memoized
DA:1,1
DA:2,1
DA:3,1
DA:4,1
DA:5,1
DA:6,1
DA:7,1
DA:8,1
DA:9,1
DA:10,1
DA:11,1
DA:12,1
DA:13,1
DA:14,1
DA:15,1
DA:16,1
DA:17,1
DA:18,1
DA:19,1
DA:20,1
DA:21,1
DA:22,1
DA:23,1
DA:24,1
DA:25,1
DA:26,1
DA:27,1
DA:28,1
DA:29,1
DA:30,1
DA:31,1
DA:32,1
DA:33,1
DA:34,1
DA:35,1
DA:36,1
DA:37,1
DA:38,1
DA:39,1
DA:40,1
DA:41,1
DA:42,1
DA:43,4
DA:44,4
DA:45,0
DA:46,0
DA:47,4
DA:48,8
DA:49,8
DA:50,8
DA:51,8
DA:52,4
DA:53,4
DA:54,4
DA:55,8
DA:56,8
DA:57,8
DA:58,4
DA:59,4
DA:60,4
DA:61,1
DA:62,1
DA:63,1
DA:64,1
LF:64
LH:62
BRDA:1,0,0,1
BRDA:43,1,0,4
BRDA:44,2,0,1
BRDA:44,3,0,0
BRDA:58,4,0,0
BRDA:47,5,0,8
BRDA:48,6,0,2
BRDA:48,7,0,6
BRDA:51,8,0,4
BRDA:55,9,0,0
BRF:10
BRH:7
end_of_record
TN:
SF:src/slice.js
FN:21,slice
FNF:1
FNH:1
FNDA:6,slice
DA:1,1
DA:2,1
DA:3,1
DA:4,1
DA:5,1
DA:6,1
DA:7,1
DA:8,1
DA:9,1
DA:10,1
DA:11,1
DA:12,1
DA:13,1
DA:14,1
DA:15,1
DA:16,1
DA:17,1
DA:18,1
DA:19,1
DA:20,1
DA:21,6
DA:22,6
DA:23,6
DA:24,1
DA:25,1
DA:26,6
DA:27,6
DA:28,6
DA:29,6
DA:30,1
DA:31,1
DA:32,6
DA:33,1
DA:34,1
DA:35,6
DA:36,6
DA:37,6
DA:38,6
DA:39,6
DA:40,6
DA:41,10
DA:42,10
DA:43,5
DA:44,6
DA:45,1
DA:46,1
LF:46
LH:46
BRDA:1,0,0,1
BRDA:21,1,0,6
BRDA:22,2,0,0
BRDA:23,3,0,1
BRDA:26,4,0,5
BRDA:26,5,0,1
BRDA:26,6,0,4
BRDA:27,7,0,2
BRDA:27,8,0,3
BRDA:29,9,0,1
BRDA:30,10,0,0
BRDA:32,11,0,5
BRDA:32,12,0,1
BRDA:35,13,0,5
BRDA:35,14,0,1
BRDA:35,15,0,4
BRDA:40,16,0,10
BRDA:43,17,0,5
BRF:18
BRH:16
end_of_record
